# JRE version: OpenJDK Runtime Environment (8.0_242-b01) (build 1.8.0_242-release-1644-b01)
# Java VM: OpenJDK 64-Bit Server VM (25.242-b01 mixed mode windows-amd64 compressed oops)
Heap:
 PSYoungGen      total 376832K, used 367194K [0x00000000d5580000, 0x00000000ee800000, 0x0000000100000000)
  eden space 348672K, 97% used [0x00000000d5580000,0x00000000ea23bb20,0x00000000eaa00000)
  from space 28160K, 94% used [0x00000000eca80000,0x00000000ee45ad00,0x00000000ee600000)
  to   space 31744K, 0% used [0x00000000eaa00000,0x00000000eaa00000,0x00000000ec900000)
 ParOldGen       total 138240K, used 64225K [0x0000000080000000, 0x0000000088700000, 0x00000000d5580000)
  object space 138240K, 46% used [0x0000000080000000,0x0000000083eb87b0,0x0000000088700000)
 Metaspace       used 110923K, capacity 117494K, committed 117552K, reserved 1150976K
  class space    used 14590K, capacity 15903K, committed 15920K, reserved 1048576K
GC Heap History (10 events):
Event: 698.055 GC heap before
{Heap before GC invocations=18 (full 3):
 PSYoungGen      total 281088K, used 250529K [0x00000000d5580000, 0x00000000e8b00000, 0x0000000100000000)
  eden space 257536K, 88% used [0x00000000d5580000,0x00000000e332a0c8,0x00000000e5100000)
  from space 23552K, 99% used [0x00000000e7000000,0x00000000e86fe730,0x00000000e8700000)
  to   space 29696K, 0% used [0x00000000e5100000,0x00000000e5100000,0x00000000e6e00000)
 ParOldGen       total 88576K, used 43505K [0x0000000080000000, 0x0000000085680000, 0x00000000d5580000)
  object space 88576K, 49% used [0x0000000080000000,0x0000000082a7c5a0,0x0000000085680000)
 Metaspace       used 93934K, capacity 98536K, committed 98600K, reserved 1134592K
  class space    used 12526K, capacity 13457K, committed 13488K, reserved 1048576K
Event: 698.328 GC heap after
Heap after GC invocations=18 (full 3):
 PSYoungGen      total 287232K, used 19766K [0x00000000d5580000, 0x00000000ec600000, 0x0000000100000000)
  eden space 257536K, 0% used [0x00000000d5580000,0x00000000d5580000,0x00000000e5100000)
  from space 29696K, 66% used [0x00000000e5100000,0x00000000e644daf8,0x00000000e6e00000)
  to   space 30720K, 0% used [0x00000000ea800000,0x00000000ea800000,0x00000000ec600000)
 ParOldGen       total 88576K, used 64685K [0x0000000080000000, 0x0000000085680000, 0x00000000d5580000)
  object space 88576K, 73% used [0x0000000080000000,0x0000000083f2b5d0,0x0000000085680000)
 Metaspace       used 93934K, capacity 98536K, committed 98600K, reserved 1134592K
  class space    used 12526K, capacity 13457K, committed 13488K, reserved 1048576K
}
Event: 698.328 GC heap before
{Heap before GC invocations=19 (full 4):
 PSYoungGen      total 287232K, used 19766K [0x00000000d5580000, 0x00000000ec600000, 0x0000000100000000)
  eden space 257536K, 0% used [0x00000000d5580000,0x00000000d5580000,0x00000000e5100000)
  from space 29696K, 66% used [0x00000000e5100000,0x00000000e644daf8,0x00000000e6e00000)
  to   space 30720K, 0% used [0x00000000ea800000,0x00000000ea800000,0x00000000ec600000)
 ParOldGen       total 88576K, used 64685K [0x0000000080000000, 0x0000000085680000, 0x00000000d5580000)
  object space 88576K, 73% used [0x0000000080000000,0x0000000083f2b5d0,0x0000000085680000)
 Metaspace       used 93934K, capacity 98536K, committed 98600K, reserved 1134592K
  class space    used 12526K, capacity 13457K, committed 13488K, reserved 1048576K
Event: 699.870 GC heap after
Heap after GC invocations=19 (full 4):
 PSYoungGen      total 287232K, used 0K [0x00000000d5580000, 0x00000000ec600000, 0x0000000100000000)
  eden space 257536K, 0% used [0x00000000d5580000,0x00000000d5580000,0x00000000e5100000)
  from space 29696K, 0% used [0x00000000e5100000,0x00000000e5100000,0x00000000e6e00000)
  to   space 30720K, 0% used [0x00000000ea800000,0x00000000ea800000,0x00000000ec600000)
 ParOldGen       total 138240K, used 64201K [0x0000000080000000, 0x0000000088700000, 0x00000000d5580000)
  object space 138240K, 46% used [0x0000000080000000,0x0000000083eb27b0,0x0000000088700000)
 Metaspace       used 93606K, capacity 97562K, committed 98600K, reserved 1134592K
  class space    used 12417K, capacity 13266K, committed 13488K, reserved 1048576K
}
Event: 3583.654 GC heap before
{Heap before GC invocations=20 (full 4):
 PSYoungGen      total 287232K, used 257536K [0x00000000d5580000, 0x00000000ec600000, 0x0000000100000000)
  eden space 257536K, 100% used [0x00000000d5580000,0x00000000e5100000,0x00000000e5100000)
  from space 29696K, 0% used [0x00000000e5100000,0x00000000e5100000,0x00000000e6e00000)
  to   space 30720K, 0% used [0x00000000ea800000,0x00000000ea800000,0x00000000ec600000)
 ParOldGen       total 138240K, used 64201K [0x0000000080000000, 0x0000000088700000, 0x00000000d5580000)
  object space 138240K, 46% used [0x0000000080000000,0x0000000083eb27b0,0x0000000088700000)
 Metaspace       used 99488K, capacity 104308K, committed 104368K, reserved 1138688K
  class space    used 13219K, capacity 14197K, committed 14256K, reserved 1048576K
Event: 3584.120 GC heap after
Heap after GC invocations=20 (full 4):
 PSYoungGen      total 341504K, used 12916K [0x00000000d5580000, 0x00000000ec200000, 0x0000000100000000)
  eden space 314880K, 0% used [0x00000000d5580000,0x00000000d5580000,0x00000000e8900000)
  from space 26624K, 48% used [0x00000000ea800000,0x00000000eb49d3a0,0x00000000ec200000)
  to   space 29184K, 0% used [0x00000000e8900000,0x00000000e8900000,0x00000000ea580000)
 ParOldGen       total 138240K, used 64209K [0x0000000080000000, 0x0000000088700000, 0x00000000d5580000)
  object space 138240K, 46% used [0x0000000080000000,0x0000000083eb47b0,0x0000000088700000)
 Metaspace       used 99488K, capacity 104308K, committed 104368K, reserved 1138688K
  class space    used 13219K, capacity 14197K, committed 14256K, reserved 1048576K
}
Event: 5323.617 GC heap before
{Heap before GC invocations=21 (full 4):
 PSYoungGen      total 341504K, used 327796K [0x00000000d5580000, 0x00000000ec200000, 0x0000000100000000)
  eden space 314880K, 100% used [0x00000000d5580000,0x00000000e8900000,0x00000000e8900000)
  from space 26624K, 48% used [0x00000000ea800000,0x00000000eb49d3a0,0x00000000ec200000)
  to   space 29184K, 0% used [0x00000000e8900000,0x00000000e8900000,0x00000000ea580000)
 ParOldGen       total 138240K, used 64209K [0x0000000080000000, 0x0000000088700000, 0x00000000d5580000)
  object space 138240K, 46% used [0x0000000080000000,0x0000000083eb47b0,0x0000000088700000)
 Metaspace       used 106342K, capacity 112336K, committed 112432K, reserved 1146880K
  class space    used 14142K, capacity 15332K, committed 15408K, reserved 1048576K
Event: 5324.376 GC heap after
Heap after GC invocations=21 (full 4):
 PSYoungGen      total 344064K, used 14702K [0x00000000d5580000, 0x00000000ee600000, 0x0000000100000000)
  eden space 314880K, 0% used [0x00000000d5580000,0x00000000d5580000,0x00000000e8900000)
  from space 29184K, 50% used [0x00000000e8900000,0x00000000e975ba78,0x00000000ea580000)
  to   space 28160K, 0% used [0x00000000eca80000,0x00000000eca80000,0x00000000ee600000)
 ParOldGen       total 138240K, used 64217K [0x0000000080000000, 0x0000000088700000, 0x00000000d5580000)
  object space 138240K, 46% used [0x0000000080000000,0x0000000083eb67b0,0x0000000088700000)
 Metaspace       used 106342K, capacity 112336K, committed 112432K, reserved 1146880K
  class space    used 14142K, capacity 15332K, committed 15408K, reserved 1048576K
}
Event: 5885.159 GC heap before
{Heap before GC invocations=22 (full 4):
 PSYoungGen      total 344064K, used 329582K [0x00000000d5580000, 0x00000000ee600000, 0x0000000100000000)
  eden space 314880K, 100% used [0x00000000d5580000,0x00000000e8900000,0x00000000e8900000)
  from space 29184K, 50% used [0x00000000e8900000,0x00000000e975ba78,0x00000000ea580000)
  to   space 28160K, 0% used [0x00000000eca80000,0x00000000eca80000,0x00000000ee600000)
 ParOldGen       total 138240K, used 64217K [0x0000000080000000, 0x0000000088700000, 0x00000000d5580000)
  object space 138240K, 46% used [0x0000000080000000,0x0000000083eb67b0,0x0000000088700000)
 Metaspace       used 110292K, capacity 116486K, committed 116784K, reserved 1150976K
  class space    used 14534K, capacity 15811K, committed 15920K, reserved 1048576K
Event: 5886.650 GC heap after
Heap after GC invocations=22 (full 4):
 PSYoungGen      total 376832K, used 26475K [0x00000000d5580000, 0x00000000ee800000, 0x0000000100000000)
  eden space 348672K, 0% used [0x00000000d5580000,0x00000000d5580000,0x00000000eaa00000)
  from space 28160K, 94% used [0x00000000eca80000,0x00000000ee45ad00,0x00000000ee600000)
  to   space 31744K, 0% used [0x00000000eaa00000,0x00000000eaa00000,0x00000000ec900000)
 ParOldGen       total 138240K, used 64225K [0x0000000080000000, 0x0000000088700000, 0x00000000d5580000)
  object space 138240K, 46% used [0x0000000080000000,0x0000000083eb87b0,0x0000000088700000)
 Metaspace       used 110292K, capacity 116486K, committed 116784K, reserved 1150976K
  class space    used 14534K, capacity 15811K, committed 15920K, reserved 1048576K
}

